2026-03-23 15:13:09,741 [INFO] UPDATE MODE: 差分更新
2026-03-23 15:13:09,741 [INFO] ============================================================
2026-03-23 15:13:09,741 [INFO] UPDATE MODE: 差分更新（当日データのみ取得）
2026-03-23 15:13:09,741 [INFO] Fetching equity master...
2026-03-23 15:13:11,772 [INFO] Master fetched: 4444 stocks
2026-03-23 15:13:11,778 [INFO] Target: 4070 stocks
2026-03-23 15:13:12,342 [INFO] Nikkei225: 3 days
2026-03-23 15:13:33,026 [INFO] Progress: 50/4070 (1.2%)  PASS:0  ERR:50
2026-03-23 15:13:43,452 [INFO] Progress: 100/4070 (2.5%)  PASS:0  ERR:100
2026-03-23 15:13:51,657 [INFO] Progress: 150/4070 (3.7%)  PASS:0  ERR:150
2026-03-23 15:14:00,188 [INFO] Progress: 200/4070 (4.9%)  PASS:0  ERR:200
2026-03-23 15:14:08,702 [INFO] Progress: 250/4070 (6.1%)  PASS:0  ERR:250
2026-03-23 15:14:17,112 [INFO] Progress: 300/4070 (7.4%)  PASS:0  ERR:300
2026-03-23 15:14:25,765 [INFO] Progress: 350/4070 (8.6%)  PASS:0  ERR:350
2026-03-23 15:14:33,910 [INFO] Progress: 400/4070 (9.8%)  PASS:0  ERR:400
2026-03-23 15:14:42,443 [INFO] Progress: 450/4070 (11.1%)  PASS:0  ERR:450
2026-03-23 15:14:50,845 [INFO] Progress: 500/4070 (12.3%)  PASS:0  ERR:500
2026-03-23 15:14:59,146 [INFO] Progress: 550/4070 (13.5%)  PASS:0  ERR:550
2026-03-23 15:15:07,794 [INFO] Progress: 600/4070 (14.7%)  PASS:0  ERR:600
2026-03-23 15:15:15,964 [INFO] Progress: 650/4070 (16.0%)  PASS:0  ERR:650
2026-03-23 15:15:24,564 [INFO] Progress: 700/4070 (17.2%)  PASS:0  ERR:700
2026-03-23 15:15:32,992 [INFO] Progress: 750/4070 (18.4%)  PASS:0  ERR:750
2026-03-23 15:15:41,219 [INFO] Progress: 800/4070 (19.7%)  PASS:0  ERR:800
2026-03-23 15:15:49,875 [INFO] Progress: 850/4070 (20.9%)  PASS:0  ERR:850
2026-03-23 15:15:57,983 [INFO] Progress: 900/4070 (22.1%)  PASS:0  ERR:900
2026-03-23 15:16:06,570 [INFO] Progress: 950/4070 (23.3%)  PASS:0  ERR:950
2026-03-23 15:16:15,045 [INFO] Progress: 1000/4070 (24.6%)  PASS:0  ERR:1000
2026-03-23 15:16:23,423 [INFO] Progress: 1050/4070 (25.8%)  PASS:0  ERR:1050
2026-03-23 15:16:32,039 [INFO] Progress: 1100/4070 (27.0%)  PASS:0  ERR:1100
2026-03-23 15:16:40,275 [INFO] Progress: 1150/4070 (28.3%)  PASS:0  ERR:1150
2026-03-23 15:16:48,678 [INFO] Progress: 1200/4070 (29.5%)  PASS:0  ERR:1200
2026-03-23 15:16:57,102 [INFO] Progress: 1250/4070 (30.7%)  PASS:0  ERR:1250
2026-03-23 15:17:05,438 [INFO] Progress: 1300/4070 (31.9%)  PASS:0  ERR:1300
2026-03-23 15:17:13,805 [INFO] Progress: 1350/4070 (33.2%)  PASS:0  ERR:1350
2026-03-23 15:17:22,388 [INFO] Progress: 1400/4070 (34.4%)  PASS:0  ERR:1400
2026-03-23 15:17:30,827 [INFO] Progress: 1450/4070 (35.6%)  PASS:0  ERR:1450
2026-03-23 15:17:39,121 [INFO] Progress: 1500/4070 (36.9%)  PASS:0  ERR:1500
2026-03-23 15:17:47,609 [INFO] Progress: 1550/4070 (38.1%)  PASS:0  ERR:1550
2026-03-23 15:17:55,856 [INFO] Progress: 1600/4070 (39.3%)  PASS:0  ERR:1600
2026-03-23 15:18:04,247 [INFO] Progress: 1650/4070 (40.5%)  PASS:0  ERR:1650
2026-03-23 15:18:12,694 [INFO] Progress: 1700/4070 (41.8%)  PASS:0  ERR:1700
2026-03-23 15:18:21,092 [INFO] Progress: 1750/4070 (43.0%)  PASS:0  ERR:1750
2026-03-23 15:18:29,472 [INFO] Progress: 1800/4070 (44.2%)  PASS:0  ERR:1800
2026-03-23 15:18:37,870 [INFO] Progress: 1850/4070 (45.5%)  PASS:0  ERR:1850
2026-03-23 15:18:46,239 [INFO] Progress: 1900/4070 (46.7%)  PASS:0  ERR:1900
2026-03-23 15:18:54,602 [INFO] Progress: 1950/4070 (47.9%)  PASS:0  ERR:1950
2026-03-23 15:19:02,978 [INFO] Progress: 2000/4070 (49.1%)  PASS:0  ERR:2000
2026-03-23 15:19:11,399 [INFO] Progress: 2050/4070 (50.4%)  PASS:0  ERR:2050
2026-03-23 15:19:19,734 [INFO] Progress: 2100/4070 (51.6%)  PASS:0  ERR:2100
2026-03-23 15:19:28,135 [INFO] Progress: 2150/4070 (52.8%)  PASS:0  ERR:2150
2026-03-23 15:19:36,581 [INFO] Progress: 2200/4070 (54.1%)  PASS:0  ERR:2200
2026-03-23 15:19:44,919 [INFO] Progress: 2250/4070 (55.3%)  PASS:0  ERR:2250
2026-03-23 15:19:53,401 [INFO] Progress: 2300/4070 (56.5%)  PASS:0  ERR:2300
2026-03-23 15:20:01,721 [INFO] Progress: 2350/4070 (57.7%)  PASS:0  ERR:2350
2026-03-23 15:20:10,265 [INFO] Progress: 2400/4070 (59.0%)  PASS:0  ERR:2400
2026-03-23 15:20:18,714 [INFO] Progress: 2450/4070 (60.2%)  PASS:0  ERR:2450
2026-03-23 15:20:26,931 [INFO] Progress: 2500/4070 (61.4%)  PASS:0  ERR:2500
2026-03-23 15:20:35,506 [INFO] Progress: 2550/4070 (62.7%)  PASS:0  ERR:2550
2026-03-23 15:20:43,951 [INFO] Progress: 2600/4070 (63.9%)  PASS:0  ERR:2600
2026-03-23 15:20:52,100 [INFO] Progress: 2650/4070 (65.1%)  PASS:0  ERR:2650
2026-03-23 15:21:00,652 [INFO] Progress: 2700/4070 (66.3%)  PASS:0  ERR:2700
2026-03-23 15:21:09,219 [INFO] Progress: 2750/4070 (67.6%)  PASS:0  ERR:2750
2026-03-23 15:21:17,365 [INFO] Progress: 2800/4070 (68.8%)  PASS:0  ERR:2800
2026-03-23 15:21:25,907 [INFO] Progress: 2850/4070 (70.0%)  PASS:0  ERR:2850
2026-03-23 15:21:34,250 [INFO] Progress: 2900/4070 (71.3%)  PASS:0  ERR:2900
2026-03-23 15:21:42,563 [INFO] Progress: 2950/4070 (72.5%)  PASS:0  ERR:2950
2026-03-23 15:21:50,927 [INFO] Progress: 3000/4070 (73.7%)  PASS:0  ERR:3000
2026-03-23 15:21:59,304 [INFO] Progress: 3050/4070 (74.9%)  PASS:0  ERR:3050
2026-03-23 15:22:07,796 [INFO] Progress: 3100/4070 (76.2%)  PASS:0  ERR:3100
2026-03-23 15:22:15,996 [INFO] Progress: 3150/4070 (77.4%)  PASS:0  ERR:3150
2026-03-23 15:22:24,385 [INFO] Progress: 3200/4070 (78.6%)  PASS:0  ERR:3200
2026-03-23 15:22:32,846 [INFO] Progress: 3250/4070 (79.9%)  PASS:0  ERR:3250
2026-03-23 15:22:40,919 [INFO] Progress: 3300/4070 (81.1%)  PASS:0  ERR:3300
2026-03-23 15:22:49,382 [INFO] Progress: 3350/4070 (82.3%)  PASS:0  ERR:3350
2026-03-23 15:22:57,783 [INFO] Progress: 3400/4070 (83.5%)  PASS:0  ERR:3400
2026-03-23 15:23:06,041 [INFO] Progress: 3450/4070 (84.8%)  PASS:0  ERR:3450
2026-03-23 15:23:14,540 [INFO] Progress: 3500/4070 (86.0%)  PASS:0  ERR:3500
2026-03-23 15:23:22,829 [INFO] Progress: 3550/4070 (87.2%)  PASS:0  ERR:3550
2026-03-23 15:23:31,500 [INFO] Progress: 3600/4070 (88.5%)  PASS:0  ERR:3600
2026-03-23 15:23:39,907 [INFO] Progress: 3650/4070 (89.7%)  PASS:0  ERR:3650
2026-03-23 15:23:48,156 [INFO] Progress: 3700/4070 (90.9%)  PASS:0  ERR:3700
2026-03-23 15:23:56,605 [INFO] Progress: 3750/4070 (92.1%)  PASS:0  ERR:3750
2026-03-23 15:24:05,012 [INFO] Progress: 3800/4070 (93.4%)  PASS:0  ERR:3800
2026-03-23 15:24:13,262 [INFO] Progress: 3850/4070 (94.6%)  PASS:0  ERR:3850
2026-03-23 15:24:21,827 [INFO] Progress: 3900/4070 (95.8%)  PASS:0  ERR:3900
2026-03-23 15:24:30,130 [INFO] Progress: 3950/4070 (97.1%)  PASS:0  ERR:3950
2026-03-23 15:24:38,518 [INFO] Progress: 4000/4070 (98.3%)  PASS:0  ERR:4000
2026-03-23 15:24:46,921 [INFO] Progress: 4050/4070 (99.5%)  PASS:0  ERR:4050
2026-03-23 15:24:50,201 [INFO] ============================================================
2026-03-23 15:24:50,201 [INFO] 更新完了! 4070銘柄  PASS:0  ERR:4070  所要:11.6分
2026-03-23 15:24:50,201 [INFO] 結果: /home/runner/work/invest-system/invest-system/data/screen_full_results.json
